2023-03-06 12:19:37,291 INFO o.a.j.u.JMeterUtils: Setting Locale to en_EN
2023-03-06 12:19:37,413 INFO o.a.j.JMeter: Loading user properties from: D:\programs\apache-jmeter-5.5\bin\user.properties
2023-03-06 12:19:37,414 INFO o.a.j.JMeter: Loading system properties from: D:\programs\apache-jmeter-5.5\bin\system.properties
2023-03-06 12:19:37,425 INFO o.a.j.JMeter: Copyright (c) 1998-2022 The Apache Software Foundation
2023-03-06 12:19:37,425 INFO o.a.j.JMeter: Version 5.5
2023-03-06 12:19:37,428 INFO o.a.j.JMeter: java.version=19.0.1
2023-03-06 12:19:37,428 INFO o.a.j.JMeter: java.vm.name=OpenJDK 64-Bit Server VM
2023-03-06 12:19:37,428 INFO o.a.j.JMeter: os.name=Windows 11
2023-03-06 12:19:37,428 INFO o.a.j.JMeter: os.arch=amd64
2023-03-06 12:19:37,450 INFO o.a.j.JMeter: os.version=10.0
2023-03-06 12:19:37,453 INFO o.a.j.JMeter: file.encoding=UTF-8
2023-03-06 12:19:37,453 INFO o.a.j.JMeter: java.awt.headless=true
2023-03-06 12:19:37,453 INFO o.a.j.JMeter: Max memory     =1073741824
2023-03-06 12:19:37,453 INFO o.a.j.JMeter: Available Processors =4
2023-03-06 12:19:37,472 INFO o.a.j.JMeter: Default Locale=English (EN)
2023-03-06 12:19:37,473 INFO o.a.j.JMeter: JMeter  Locale=English (EN)
2023-03-06 12:19:37,473 INFO o.a.j.JMeter: JMeterHome=D:\programs\apache-jmeter-5.5
2023-03-06 12:19:37,473 INFO o.a.j.JMeter: user.dir  =C:\Users\anoua\OneDrive\Bureau\pfe\testing_app_pfe\backend
2023-03-06 12:19:37,473 INFO o.a.j.JMeter: PWD       =C:\Users\anoua\OneDrive\Bureau\pfe\testing_app_pfe\backend
2023-03-06 12:19:37,488 INFO o.a.j.JMeter: IP: 192.168.176.1 Name: RfifaAnouar FullName: RfifaAnouar.mshome.net
2023-03-06 12:19:37,518 INFO o.a.j.s.FileServer: Default base='C:\Users\anoua\OneDrive\Bureau\pfe\testing_app_pfe\backend'
2023-03-06 12:19:37,518 INFO o.a.j.s.FileServer: Set new base='C:\Users\anoua\OneDrive\Bureau\pfe\testing_app_pfe\backend\controllers\tests'
2023-03-06 12:19:38,041 INFO o.a.j.s.SaveService: Testplan (JMX) version: 2.2. Testlog (JTL) version: 2.2
2023-03-06 12:19:38,090 INFO o.a.j.s.SaveService: Using SaveService properties version 5.0
2023-03-06 12:19:38,098 INFO o.a.j.s.SaveService: Using SaveService properties file encoding UTF-8
2023-03-06 12:19:38,106 INFO o.a.j.s.SaveService: Loading file: C:\Users\anoua\OneDrive\Bureau\pfe\testing_app_pfe\backend\controllers\tests\test.jmx
2023-03-06 12:19:38,179 INFO o.a.j.p.h.s.HTTPSamplerBase: Parser for text/html is org.apache.jmeter.protocol.http.parser.LagartoBasedHtmlParser
2023-03-06 12:19:38,179 INFO o.a.j.p.h.s.HTTPSamplerBase: Parser for application/xhtml+xml is org.apache.jmeter.protocol.http.parser.LagartoBasedHtmlParser
2023-03-06 12:19:38,179 INFO o.a.j.p.h.s.HTTPSamplerBase: Parser for application/xml is org.apache.jmeter.protocol.http.parser.LagartoBasedHtmlParser
2023-03-06 12:19:38,179 INFO o.a.j.p.h.s.HTTPSamplerBase: Parser for text/xml is org.apache.jmeter.protocol.http.parser.LagartoBasedHtmlParser
2023-03-06 12:19:38,179 INFO o.a.j.p.h.s.HTTPSamplerBase: Parser for text/vnd.wap.wml is org.apache.jmeter.protocol.http.parser.RegexpHTMLParser
2023-03-06 12:19:38,179 INFO o.a.j.p.h.s.HTTPSamplerBase: Parser for text/css is org.apache.jmeter.protocol.http.parser.CssParser
2023-03-06 12:19:38,188 INFO o.a.j.JMeter: Creating summariser <summary>
2023-03-06 12:19:38,203 INFO o.a.j.e.StandardJMeterEngine: Running the test!
2023-03-06 12:19:38,203 INFO o.a.j.s.SampleEvent: List of sample_variables: []
2023-03-06 12:19:38,203 INFO o.a.j.s.SampleEvent: List of sample_variables: []
2023-03-06 12:19:38,213 INFO o.a.j.e.u.CompoundVariable: Note: Function class names must contain the string: '.functions.'
2023-03-06 12:19:38,213 INFO o.a.j.e.u.CompoundVariable: Note: Function class names must not contain the string: '.gui.'
2023-03-06 12:19:38,296 INFO o.a.j.JMeter: Running test (1678101578296)
2023-03-06 12:19:38,329 INFO o.a.j.e.StandardJMeterEngine: Starting ThreadGroup: 1 : Thread Group
2023-03-06 12:19:38,329 INFO o.a.j.e.StandardJMeterEngine: Starting 10 threads for group Thread Group.
2023-03-06 12:19:38,329 INFO o.a.j.e.StandardJMeterEngine: Thread will continue on error
2023-03-06 12:19:38,329 INFO o.a.j.t.ThreadGroup: Starting thread group... number=1 threads=10 ramp-up=5 delayedStart=false
2023-03-06 12:19:38,340 INFO o.a.j.t.ThreadGroup: Started thread group number 1
2023-03-06 12:19:38,340 INFO o.a.j.t.JMeterThread: Thread started: Thread Group 1-1
2023-03-06 12:19:38,340 INFO o.a.j.e.StandardJMeterEngine: All thread groups have been started
2023-03-06 12:19:38,360 INFO o.a.j.p.h.s.HTTPHCAbstractImpl: Local host = RfifaAnouar
2023-03-06 12:19:38,368 INFO o.a.j.p.h.s.HTTPHC4Impl: HTTP request retry count = 0
2023-03-06 12:19:38,369 INFO o.a.j.s.SampleResult: Note: Sample TimeStamps are START times
2023-03-06 12:19:38,369 INFO o.a.j.s.SampleResult: sampleresult.default.encoding is set to ISO-8859-1
2023-03-06 12:19:38,370 INFO o.a.j.s.SampleResult: sampleresult.useNanoTime=true
2023-03-06 12:19:38,370 INFO o.a.j.s.SampleResult: sampleresult.nanoThreadSleep=5000
2023-03-06 12:19:38,533 INFO o.a.j.t.JMeterThread: Thread is done: Thread Group 1-1
2023-03-06 12:19:38,533 INFO o.a.j.t.JMeterThread: Thread finished: Thread Group 1-1
2023-03-06 12:19:38,837 INFO o.a.j.t.JMeterThread: Thread started: Thread Group 1-2
2023-03-06 12:19:38,852 INFO o.a.j.t.JMeterThread: Thread is done: Thread Group 1-2
2023-03-06 12:19:38,853 INFO o.a.j.t.JMeterThread: Thread finished: Thread Group 1-2
2023-03-06 12:19:39,336 INFO o.a.j.t.JMeterThread: Thread started: Thread Group 1-3
2023-03-06 12:19:39,351 INFO o.a.j.t.JMeterThread: Thread is done: Thread Group 1-3
2023-03-06 12:19:39,352 INFO o.a.j.t.JMeterThread: Thread finished: Thread Group 1-3
2023-03-06 12:19:39,836 INFO o.a.j.t.JMeterThread: Thread started: Thread Group 1-4
2023-03-06 12:19:39,844 INFO o.a.j.t.JMeterThread: Thread is done: Thread Group 1-4
2023-03-06 12:19:39,844 INFO o.a.j.t.JMeterThread: Thread finished: Thread Group 1-4
2023-03-06 12:19:40,335 INFO o.a.j.t.JMeterThread: Thread started: Thread Group 1-5
2023-03-06 12:19:40,339 INFO o.a.j.t.JMeterThread: Thread is done: Thread Group 1-5
2023-03-06 12:19:40,339 INFO o.a.j.t.JMeterThread: Thread finished: Thread Group 1-5
2023-03-06 12:19:40,839 INFO o.a.j.t.JMeterThread: Thread started: Thread Group 1-6
2023-03-06 12:19:40,845 INFO o.a.j.t.JMeterThread: Thread is done: Thread Group 1-6
2023-03-06 12:19:40,845 INFO o.a.j.t.JMeterThread: Thread finished: Thread Group 1-6
2023-03-06 12:19:41,336 INFO o.a.j.t.JMeterThread: Thread started: Thread Group 1-7
2023-03-06 12:19:41,344 INFO o.a.j.t.JMeterThread: Thread is done: Thread Group 1-7
2023-03-06 12:19:41,344 INFO o.a.j.t.JMeterThread: Thread finished: Thread Group 1-7
2023-03-06 12:19:41,845 INFO o.a.j.t.JMeterThread: Thread started: Thread Group 1-8
2023-03-06 12:19:41,852 INFO o.a.j.t.JMeterThread: Thread is done: Thread Group 1-8
2023-03-06 12:19:41,852 INFO o.a.j.t.JMeterThread: Thread finished: Thread Group 1-8
2023-03-06 12:19:42,331 INFO o.a.j.t.JMeterThread: Thread started: Thread Group 1-9
2023-03-06 12:19:42,339 INFO o.a.j.t.JMeterThread: Thread is done: Thread Group 1-9
2023-03-06 12:19:42,339 INFO o.a.j.t.JMeterThread: Thread finished: Thread Group 1-9
2023-03-06 12:19:42,833 INFO o.a.j.t.JMeterThread: Thread started: Thread Group 1-10
2023-03-06 12:19:42,840 INFO o.a.j.t.JMeterThread: Thread is done: Thread Group 1-10
2023-03-06 12:19:42,840 INFO o.a.j.t.JMeterThread: Thread finished: Thread Group 1-10
2023-03-06 12:19:42,840 INFO o.a.j.e.StandardJMeterEngine: Notifying test listeners of end of test
2023-03-06 12:19:42,840 INFO o.a.j.r.Summariser: summary =     10 in 00:00:05 =    2.2/s Avg:    11 Min:     5 Max:    54 Err:    10 (100.00%)
